TN:
SF:src\config\db.config.ts
FNF:0
FNH:0
DA:1,1
DA:7,1
DA:9,1
DA:10,1
DA:13,1
LF:5
LH:5
BRDA:7,0,0,1
BRDA:7,0,1,1
BRDA:9,1,0,1
BRDA:9,1,1,0
BRF:4
BRH:3
end_of_record
TN:
SF:src\config\redis.config.ts
FN:11,(anonymous_1)
FN:15,(anonymous_2)
FNF:2
FNH:1
FNDA:1,(anonymous_1)
FNDA:0,(anonymous_2)
DA:1,1
DA:2,1
DA:5,1
DA:9,1
DA:11,1
DA:12,1
DA:15,1
DA:16,0
DA:17,0
DA:20,1
LF:10
LH:8
BRF:0
BRH:0
end_of_record
TN:
SF:src\controllers\auth.controller.ts
FN:36,(anonymous_1)
FN:135,(anonymous_2)
FN:212,(anonymous_3)
FN:293,(anonymous_4)
FN:323,(anonymous_5)
FN:359,(anonymous_6)
FNF:6
FNH:2
FNDA:8,(anonymous_1)
FNDA:3,(anonymous_2)
FNDA:0,(anonymous_3)
FNDA:0,(anonymous_4)
FNDA:0,(anonymous_5)
FNDA:0,(anonymous_6)
DA:2,1
DA:3,1
DA:4,1
DA:5,1
DA:6,1
DA:7,1
DA:8,1
DA:31,1
DA:32,1
DA:33,1
DA:36,1
DA:37,8
DA:40,8
DA:41,1
DA:46,7
DA:47,1
DA:52,6
DA:53,0
DA:58,6
DA:60,6
DA:64,6
DA:65,1
DA:71,5
DA:73,5
DA:91,5
DA:96,5
DA:99,5
DA:109,5
DA:111,5
DA:120,0
DA:122,0
DA:123,0
DA:128,0
DA:135,1
DA:136,3
DA:138,3
DA:139,1
DA:144,2
DA:146,2
DA:159,2
DA:160,0
DA:166,2
DA:167,2
DA:168,1
DA:174,1
DA:179,1
DA:182,1
DA:192,1
DA:193,1
DA:195,1
DA:204,0
DA:205,0
DA:212,1
DA:213,0
DA:215,0
DA:216,0
DA:221,0
DA:223,0
DA:226,0
DA:246,0
DA:247,0
DA:253,0
DA:259,0
DA:264,0
DA:267,0
DA:276,0
DA:285,0
DA:286,0
DA:293,1
DA:294,0
DA:296,0
DA:298,0
DA:308,0
DA:310,0
DA:315,0
DA:316,0
DA:323,1
DA:324,0
DA:326,0
DA:327,0
DA:340,0
DA:341,0
DA:346,0
DA:351,0
DA:352,0
DA:359,1
DA:360,0
DA:361,0
DA:363,0
DA:364,0
DA:369,0
DA:370,0
DA:375,0
DA:377,0
DA:382,0
DA:383,0
DA:389,0
DA:390,0
DA:391,0
DA:397,0
DA:398,0
DA:404,0
DA:414,0
DA:416,0
DA:421,0
DA:422,0
LF:106
LH:48
BRDA:40,0,0,1
BRDA:40,0,1,7
BRDA:40,1,0,8
BRDA:40,1,1,8
BRDA:40,1,2,7
BRDA:46,2,0,1
BRDA:46,2,1,6
BRDA:52,3,0,0
BRDA:52,3,1,6
BRDA:64,4,0,1
BRDA:64,4,1,5
BRDA:122,5,0,0
BRDA:122,5,1,0
BRDA:138,6,0,1
BRDA:138,6,1,2
BRDA:138,7,0,3
BRDA:138,7,1,3
BRDA:159,8,0,0
BRDA:159,8,1,2
BRDA:159,9,0,2
BRDA:159,9,1,2
BRDA:167,10,0,1
BRDA:167,10,1,1
BRDA:215,11,0,0
BRDA:215,11,1,0
BRDA:246,12,0,0
BRDA:246,12,1,0
BRDA:246,13,0,0
BRDA:246,13,1,0
BRDA:340,14,0,0
BRDA:340,14,1,0
BRDA:363,15,0,0
BRDA:363,15,1,0
BRDA:363,16,0,0
BRDA:363,16,1,0
BRDA:369,17,0,0
BRDA:369,17,1,0
BRDA:382,18,0,0
BRDA:382,18,1,0
BRDA:390,19,0,0
BRDA:390,19,1,0
BRF:41
BRH:19
end_of_record
TN:
SF:src\middlewares\auth.middleware.ts
FN:25,(anonymous_1)
FN:96,(anonymous_2)
FN:109,(anonymous_3)
FNF:3
FNH:0
FNDA:0,(anonymous_1)
FNDA:0,(anonymous_2)
FNDA:0,(anonymous_3)
DA:2,1
DA:3,1
DA:4,1
DA:5,1
DA:6,1
DA:25,1
DA:30,0
DA:31,0
DA:32,0
DA:34,0
DA:35,0
DA:42,0
DA:43,0
DA:45,0
DA:49,0
DA:55,0
DA:56,0
DA:58,0
DA:59,0
DA:70,0
DA:71,0
DA:77,0
DA:81,0
DA:87,0
DA:89,0
DA:90,0
DA:96,1
DA:101,0
DA:102,0
DA:106,0
DA:109,1
DA:114,0
DA:115,0
DA:119,0
LF:34
LH:8
BRDA:34,0,0,0
BRDA:34,0,1,0
BRDA:45,1,0,0
BRDA:45,1,1,0
BRDA:58,2,0,0
BRDA:58,2,1,0
BRDA:70,3,0,0
BRDA:70,3,1,0
BRDA:70,4,0,0
BRDA:70,4,1,0
BRDA:101,5,0,0
BRDA:101,5,1,0
BRDA:101,6,0,0
BRDA:101,6,1,0
BRDA:114,7,0,0
BRDA:114,7,1,0
BRDA:114,8,0,0
BRDA:114,8,1,0
BRF:18
BRH:0
end_of_record
TN:
SF:src\routes\auth.route.ts
FNF:0
FNH:0
DA:1,1
DA:2,1
DA:10,1
DA:12,1
DA:16,1
DA:17,1
DA:18,1
DA:22,1
DA:23,1
DA:24,1
DA:27,1
LF:11
LH:11
BRF:0
BRH:0
end_of_record
TN:
SF:src\routes\index.ts
FNF:0
FNH:0
DA:1,1
DA:2,1
DA:4,1
DA:6,1
DA:9,1
LF:5
LH:5
BRF:0
BRH:0
end_of_record
TN:
SF:src\test\setup.ts
FN:4,(anonymous_0)
FN:8,(anonymous_1)
FN:22,(anonymous_2)
FNF:3
FNH:0
FNDA:0,(anonymous_0)
FNDA:0,(anonymous_1)
FNDA:0,(anonymous_2)
DA:1,0
DA:4,0
DA:8,0
DA:10,0
DA:18,0
DA:22,0
DA:23,0
DA:32,0
DA:33,0
DA:34,0
DA:36,0
LF:11
LH:0
BRF:0
BRH:0
end_of_record
TN:
SF:src\utils\ApiResponse.ts
FN:8,(anonymous_0)
FNF:1
FNH:1
FNDA:11,(anonymous_0)
DA:9,11
DA:10,11
DA:11,11
DA:12,11
DA:17,1
LF:5
LH:5
BRDA:8,0,0,0
BRDA:12,1,0,11
BRDA:12,1,1,5
BRF:3
BRH:2
end_of_record
TN:
SF:src\utils\AsyncHandler.ts
FN:9,(anonymous_0)
FN:10,(anonymous_1)
FN:12,(anonymous_2)
FNF:3
FNH:2
FNDA:6,(anonymous_0)
FNDA:11,(anonymous_1)
FNDA:0,(anonymous_2)
DA:9,1
DA:10,6
DA:11,11
DA:12,0
DA:16,1
LF:5
LH:4
BRF:0
BRH:0
end_of_record
TN:
SF:src\utils\cloudinary.ts
FN:4,(anonymous_1)
FNF:1
FNH:0
FNDA:0,(anonymous_1)
DA:1,0
DA:2,0
DA:4,0
DA:5,0
DA:10,0
DA:11,0
DA:13,0
DA:17,0
DA:19,0
DA:20,0
DA:22,0
DA:23,0
DA:24,0
DA:29,0
LF:14
LH:0
BRDA:11,0,0,0
BRDA:11,0,1,0
BRF:2
BRH:0
end_of_record
TN:
SF:src\utils\jwt.util.ts
FN:15,(anonymous_1)
FN:39,(anonymous_2)
FN:43,(anonymous_3)
FN:48,(anonymous_4)
FN:52,(anonymous_5)
FN:61,(anonymous_6)
FNF:6
FNH:4
FNDA:2,(anonymous_1)
FNDA:6,(anonymous_2)
FNDA:6,(anonymous_3)
FNDA:0,(anonymous_4)
FNDA:0,(anonymous_5)
FNDA:6,(anonymous_6)
DA:1,1
DA:15,1
DA:16,2
DA:17,2
DA:18,2
DA:21,1
DA:22,1
DA:23,1
DA:24,1
DA:27,1
DA:33,1
DA:39,1
DA:40,6
DA:43,1
DA:44,6
DA:48,1
DA:49,0
DA:52,1
DA:55,0
DA:61,1
DA:62,6
LF:21
LH:19
BRDA:17,0,0,0
BRDA:17,0,1,2
BRDA:23,1,0,1
BRDA:23,1,1,0
BRDA:24,2,0,1
BRDA:24,2,1,0
BRF:6
BRH:3
end_of_record
TN:
SF:src\utils\redis.util.ts
FN:4,(anonymous_1)
FN:6,(anonymous_2)
FN:10,(anonymous_3)
FN:15,(anonymous_4)
FN:19,(anonymous_5)
FNF:5
FNH:2
FNDA:6,(anonymous_1)
FNDA:6,(anonymous_2)
FNDA:0,(anonymous_3)
FNDA:0,(anonymous_4)
FNDA:0,(anonymous_5)
DA:1,1
DA:4,6
DA:6,1
DA:7,6
DA:10,1
DA:11,0
DA:12,0
DA:15,1
DA:16,0
DA:19,1
DA:20,0
DA:21,0
DA:22,0
DA:27,1
LF:14
LH:8
BRDA:6,0,0,0
BRDA:12,1,0,0
BRDA:12,1,1,0
BRDA:21,2,0,0
BRDA:21,2,1,0
BRF:5
BRH:0
end_of_record
